<?xml version="1.0" encoding="UTF-8"?>
<testsuite name="models.LoanTest" tests="1" skipped="0" failures="0" errors="0" timestamp="2024-02-02T13:21:57" hostname="MacBook-Air-som-tillhor-Amanda.local" time="0.0">
  <properties/>
  <testcase name="testDueDate()" classname="models.LoanTest" time="0.0"/>
  <system-out><![CDATA[]]></system-out>
  <system-err><![CDATA[]]></system-err>
</testsuite>
